<?xml version="1.0" encoding="UTF-8"?>
<!-- Generated by org.testng.reporters.JUnitReportReporter -->
<testsuite hostname="DESKTOP-N4K2T9T" failures="0" tests="1" name="functional.dashboard.scripts.Dashboard001_SearchTruck" time="35.093" errors="0" timestamp="2024-02-24T00:43:36 IST" skipped="0">
  <testcase classname="functional.dashboard.scripts.Dashboard001_SearchTruck" name="searchTruck" time="35.093"/>
  <system-out/>
</testsuite> <!-- functional.dashboard.scripts.Dashboard001_SearchTruck -->
