<?xml version="1.0" encoding="UTF-8"?>
<!-- Generated by org.testng.reporters.JUnitReportReporter -->
<testsuite hostname="DESKTOP-N4K2T9T" failures="0" tests="1" name="functional.drivers.scripts.Driver001_Create_Driver" time="166.669" errors="0" timestamp="2024-03-01T05:00:14 IST" skipped="0">
  <testcase classname="functional.drivers.scripts.Driver001_Create_Driver" name="truckCreate" time="166.669"/>
  <system-out>
    <![CDATA[navigated to dashboardhttp://staging.s9trucks.com/admin/dashboard
navigated to dashboard
navigated to trucks pagehttp://staging.s9trucks.com/admin/drivers
navigated to truck page
navigated to add driver pageDriver Profile
driver created sucessfully
Driver mobile  added
Driver details  added
Truck type selected
Driver image uploaded
navigated to add driver pagehttp://staging.s9trucks.com/admin/drivers
Driver saved sucessfully]]>
  </system-out>
</testsuite> <!-- functional.drivers.scripts.Driver001_Create_Driver -->
