<?xml version="1.0" encoding="UTF-8"?>
<!-- Generated by org.testng.reporters.JUnitReportReporter -->
<testsuite hostname="Mansis-MacBook-Air.local" failures="0" tests="1" name="functional.login.scripts.Login001_Validate_Admin_Login" time="33.500" errors="0" timestamp="2024-05-21T16:59:10 IST" skipped="0">
  <testcase classname="functional.login.scripts.Login001_Validate_Admin_Login" name="adminLogin" time="33.500">
    <system-out>
      <![CDATA[navigated to dashboardhttp://staging.s9trucks.com/admin/dashboard
navigated to dashboard]]>
    </system-out>
  </testcase> <!-- adminLogin -->
  <system-out>
    <![CDATA[navigated to dashboardhttp://staging.s9trucks.com/admin/dashboard
navigated to dashboard]]>
  </system-out>
</testsuite> <!-- functional.login.scripts.Login001_Validate_Admin_Login -->
