<?xml version="1.0" encoding="UTF-8"?>
<!-- Generated by org.testng.reporters.JUnitReportReporter -->
<testsuite hostname="Mansis-MacBook-Air.local" failures="0" tests="1" name="functional.dasboard.scripts.Dashboard001_SelectTruck" time="53.788" errors="0" timestamp="2024-06-10T18:11:27 IST" skipped="0">
  <testcase classname="functional.dasboard.scripts.Dashboard001_SelectTruck" name="truckSelection" time="53.788">
    <system-out>
      <![CDATA[navigated to dashboardhttp://staging.s9trucks.com/admin/dashboard
navigated to dashboard
navigated to trucks pagehttp://staging.s9trucks.com/admin/trucks
navigated to truck page]]>
    </system-out>
  </testcase> <!-- truckSelection -->
  <system-out>
    <![CDATA[navigated to dashboardhttp://staging.s9trucks.com/admin/dashboard
navigated to dashboard
navigated to trucks pagehttp://staging.s9trucks.com/admin/trucks
navigated to truck page]]>
  </system-out>
</testsuite> <!-- functional.dasboard.scripts.Dashboard001_SelectTruck -->
