<?xml version="1.0" encoding="UTF-8"?>
<!-- Generated by org.testng.reporters.JUnitReportReporter -->
<testsuite hostname="Mansis-MacBook-Air.local" failures="0" tests="1" name="functional.truckcategory.scripts.TruckCategory001_AddTruckCategory" time="53.726" errors="1" timestamp="2024-05-22T00:03:31 IST" skipped="0">
  <testcase classname="functional.truckcategory.scripts.TruckCategory001_AddTruckCategory" name="addTruckCategory" time="53.726">
    <error type="java.lang.StackOverflowError">
      <![CDATA[java.lang.StackOverflowError
at java.base/java.lang.ref.Reference.refersToImpl(Reference.java:375)
at java.base/java.lang.ref.Reference.refersTo(Reference.java:366)
at java.base/java.lang.reflect.AccessibleObject.isAccessChecked(AccessibleObject.java:664)
at java.base/java.lang.reflect.AccessibleObject.verifyAccess(AccessibleObject.java:695)
at java.base/java.lang.reflect.AccessibleObject.checkAccess(AccessibleObject.java:673)
at java.base/java.lang.reflect.Constructor.newInstanceWithCaller(Constructor.java:489)
at java.base/java.lang.reflect.ReflectAccess.newInstance(ReflectAccess.java:128)
at java.base/jdk.internal.reflect.ReflectionFactory.newInstance(ReflectionFactory.java:347)
at java.base/java.lang.Class.newInstance(Class.java:645)
at org.openqa.selenium.support.pagefactory.Annotations.buildBy(Annotations.java:71)
at org.openqa.selenium.support.pagefactory.DefaultElementLocator.<init>(DefaultElementLocator.java:58)
at org.openqa.selenium.support.pagefactory.DefaultElementLocator.<init>(DefaultElementLocator.java:46)
at org.openqa.selenium.support.pagefactory.DefaultElementLocatorFactory.createLocator(DefaultElementLocatorFactory.java:32)
at org.openqa.selenium.support.pagefactory.DefaultFieldDecorator.decorate(DefaultFieldDecorator.java:56)
at org.openqa.selenium.support.PageFactory.proxyFields(PageFactory.java:113)
at org.openqa.selenium.support.PageFactory.initElements(PageFactory.java:105)
at org.openqa.selenium.support.PageFactory.initElements(PageFactory.java:92)
at org.openqa.selenium.support.PageFactory.initElements(PageFactory.java:79)
at functional.truckcategory.pageobjects.TruckCategoryPageObjects.<init>(TruckCategoryPageObjects.java:21)
at functional.truckcategory.pages.TruckCategoryPages.<init>(TruckCategoryPages.java:17)
at functional.truckcategory.truckCategory.<init>(truckCategory.java:19)
at functional.truckcategory.truckCategory.<init>(truckCategory.java:20)
at functional.truckcategory.truckCategory.<init>(truckCategory.java:20)
at functional.truckcategory.truckCategory.<init>(truckCategory.java:20)
at functional.truckcategory.truckCategory.<init>(truckCategory.java:20)
at functional.truckcategory.truckCategory.<init>(truckCategory.java:20)
at functional.truckcategory.truckCategory.<init>(truckCategory.java:20)
at functional.truckcategory.truckCategory.<init>(truckCategory.java:20)
at functional.truckcategory.truckCategory.<init>(truckCategory.java:20)
at functional.truckcategory.truckCategory.<init>(truckCategory.java:20)
at functional.truckcategory.truckCategory.<init>(truckCategory.java:20)
at functional.truckcategory.truckCategory.<init>(truckCategory.java:20)
at functional.truckcategory.truckCategory.<init>(truckCategory.java:20)
at functional.truckcategory.truckCategory.<init>(truckCategory.java:20)
at functional.truckcategory.truckCategory.<init>(truckCategory.java:20)
at functional.truckcategory.truckCategory.<init>(truckCategory.java:20)
at functional.truckcategory.truckCategory.<init>(truckCategory.java:20)
at functional.truckcategory.truckCategory.<init>(truckCategory.java:20)
at functional.truckcategory.truckCategory.<init>(truckCategory.java:20)
at functional.truckcategory.truckCategory.<init>(truckCategory.java:20)
at functional.truckcategory.truckCategory.<init>(truckCategory.java:20)
at functional.truckcategory.truckCategory.<init>(truckCategory.java:20)
at functional.truckcategory.truckCategory.<init>(truckCategory.java:20)
at functional.truckcategory.truckCategory.<init>(truckCategory.java:20)
at functional.truckcategory.truckCategory.<init>(truckCategory.java:20)
at functional.truckcategory.truckCategory.<init>(truckCategory.java:20)
at functional.truckcategory.truckCategory.<init>(truckCategory.java:20)
at functional.truckcategory.truckCategory.<init>(truckCategory.java:20)
at functional.truckcategory.truckCategory.<init>(truckCategory.java:20)
at functional.truckcategory.truckCategory.<init>(truckCategory.java:20)
at functional.truckcategory.truckCategory.<init>(truckCategory.java:20)
at functional.truckcategory.truckCategory.<init>(truckCategory.java:20)
at functional.truckcategory.truckCategory.<init>(truckCategory.java:20)
at functional.truckcategory.truckCategory.<init>(truckCategory.java:20)
at functional.truckcategory.truckCategory.<init>(truckCategory.java:20)
at functional.truckcategory.truckCategory.<init>(truckCategory.java:20)
at functional.truckcategory.truckCategory.<init>(truckCategory.java:20)
at functional.truckcategory.truckCategory.<init>(truckCategory.java:20)
at functional.truckcategory.truckCategory.<init>(truckCategory.java:20)
at functional.truckcategory.truckCategory.<init>(truckCategory.java:20)
at functional.truckcategory.truckCategory.<init>(truckCategory.java:20)
at functional.truckcategory.truckCategory.<init>(truckCategory.java:20)
at functional.truckcategory.truckCategory.<init>(truckCategory.java:20)
at functional.truckcategory.truckCategory.<init>(truckCategory.java:20)
at functional.truckcategory.truckCategory.<init>(truckCategory.java:20)
at functional.truckcategory.truckCategory.<init>(truckCategory.java:20)
at functional.truckcategory.truckCategory.<init>(truckCategory.java:20)
at functional.truckcategory.truckCategory.<init>(truckCategory.java:20)
at functional.truckcategory.truckCategory.<init>(truckCategory.java:20)
at functional.truckcategory.truckCategory.<init>(truckCategory.java:20)
at functional.truckcategory.truckCategory.<init>(truckCategory.java:20)
at functional.truckcategory.truckCategory.<init>(truckCategory.java:20)
at functional.truckcategory.truckCategory.<init>(truckCategory.java:20)
at functional.truckcategory.truckCategory.<init>(truckCategory.java:20)
at functional.truckcategory.truckCategory.<init>(truckCategory.java:20)
at functional.truckcategory.truckCategory.<init>(truckCategory.java:20)
at functional.truckcategory.truckCategory.<init>(truckCategory.java:20)
at functional.truckcategory.truckCategory.<init>(truckCategory.java:20)
at functional.truckcategory.truckCategory.<init>(truckCategory.java:20)
at functional.truckcategory.truckCategory.<init>(truckCategory.java:20)
at functional.truckcategory.truckCategory.<init>(truckCategory.java:20)
at functional.truckcategory.truckCategory.<init>(truckCategory.java:20)
at functional.truckcategory.truckCategory.<init>(truckCategory.java:20)
at functional.truckcategory.truckCategory.<init>(truckCategory.java:20)
at functional.truckcategory.truckCategory.<init>(truckCategory.java:20)
at functional.truckcategory.truckCategory.<init>(truckCategory.java:20)
at functional.truckcategory.truckCategory.<init>(truckCategory.java:20)
at functional.truckcategory.truckCategory.<init>(truckCategory.java:20)
at functional.truckcategory.truckCategory.<init>(truckCategory.java:20)
at functional.truckcategory.truckCategory.<init>(truckCategory.java:20)
at functional.truckcategory.truckCategory.<init>(truckCategory.java:20)
at functional.truckcategory.truckCategory.<init>(truckCategory.java:20)
at functional.truckcategory.truckCategory.<init>(truckCategory.java:20)
at functional.truckcategory.truckCategory.<init>(truckCategory.java:20)
at functional.truckcategory.truckCategory.<init>(truckCategory.java:20)
at functional.truckcategory.truckCategory.<init>(truckCategory.java:20)
at functional.truckcategory.truckCategory.<init>(truckCategory.java:20)
at functional.truckcategory.truckCategory.<init>(truckCategory.java:20)
at functional.truckcategory.truckCategory.<init>(truckCategory.java:20)
at functional.truckcategory.truckCategory.<init>(truckCategory.java:20)
at functional.truckcategory.truckCategory.<init>(truckCategory.java:20)
at functional.truckcategory.truckCategory.<init>(truckCategory.java:20)
at functional.truckcategory.truckCategory.<init>(truckCategory.java:20)
at functional.truckcategory.truckCategory.<init>(truckCategory.java:20)
at functional.truckcategory.truckCategory.<init>(truckCategory.java:20)
at functional.truckcategory.truckCategory.<init>(truckCategory.java:20)
at functional.truckcategory.truckCategory.<init>(truckCategory.java:20)
at functional.truckcategory.truckCategory.<init>(truckCategory.java:20)
at functional.truckcategory.truckCategory.<init>(truckCategory.java:20)
at functional.truckcategory.truckCategory.<init>(truckCategory.java:20)
at functional.truckcategory.truckCategory.<init>(truckCategory.java:20)
at functional.truckcategory.truckCategory.<init>(truckCategory.java:20)
at functional.truckcategory.truckCategory.<init>(truckCategory.java:20)
at functional.truckcategory.truckCategory.<init>(truckCategory.java:20)
at functional.truckcategory.truckCategory.<init>(truckCategory.java:20)
at functional.truckcategory.truckCategory.<init>(truckCategory.java:20)
at functional.truckcategory.truckCategory.<init>(truckCategory.java:20)
at functional.truckcategory.truckCategory.<init>(truckCategory.java:20)
at functional.truckcategory.truckCategory.<init>(truckCategory.java:20)
at functional.truckcategory.truckCategory.<init>(truckCategory.java:20)
at functional.truckcategory.truckCategory.<init>(truckCategory.java:20)
at functional.truckcategory.truckCategory.<init>(truckCategory.java:20)
at functional.truckcategory.truckCategory.<init>(truckCategory.java:20)
at functional.truckcategory.truckCategory.<init>(truckCategory.java:20)
at functional.truckcategory.truckCategory.<init>(truckCategory.java:20)
at functional.truckcategory.truckCategory.<init>(truckCategory.java:20)
at functional.truckcategory.truckCategory.<init>(truckCategory.java:20)
at functional.truckcategory.truckCategory.<init>(truckCategory.java:20)
at functional.truckcategory.truckCategory.<init>(truckCategory.java:20)
at functional.truckcategory.truckCategory.<init>(truckCategory.java:20)
at functional.truckcategory.truckCategory.<init>(truckCategory.java:20)
at functional.truckcategory.truckCategory.<init>(truckCategory.java:20)
at functional.truckcategory.truckCategory.<init>(truckCategory.java:20)
at functional.truckcategory.truckCategory.<init>(truckCategory.java:20)
at functional.truckcategory.truckCategory.<init>(truckCategory.java:20)
at functional.truckcategory.truckCategory.<init>(truckCategory.java:20)
at functional.truckcategory.truckCategory.<init>(truckCategory.java:20)
at functional.truckcategory.truckCategory.<init>(truckCategory.java:20)
at functional.truckcategory.truckCategory.<init>(truckCategory.java:20)
at functional.truckcategory.truckCategory.<init>(truckCategory.java:20)
at functional.truckcategory.truckCategory.<init>(truckCategory.java:20)
at functional.truckcategory.truckCategory.<init>(truckCategory.java:20)
at functional.truckcategory.truckCategory.<init>(truckCategory.java:20)
at functional.truckcategory.truckCategory.<init>(truckCategory.java:20)
at functional.truckcategory.truckCategory.<init>(truckCategory.java:20)
at functional.truckcategory.truckCategory.<init>(truckCategory.java:20)
at functional.truckcategory.truckCategory.<init>(truckCategory.java:20)
at functional.truckcategory.truckCategory.<init>(truckCategory.java:20)
at functional.truckcategory.truckCategory.<init>(truckCategory.java:20)
at functional.truckcategory.truckCategory.<init>(truckCategory.java:20)
at functional.truckcategory.truckCategory.<init>(truckCategory.java:20)
at functional.truckcategory.truckCategory.<init>(truckCategory.java:20)
at functional.truckcategory.truckCategory.<init>(truckCategory.java:20)
at functional.truckcategory.truckCategory.<init>(truckCategory.java:20)
at functional.truckcategory.truckCategory.<init>(truckCategory.java:20)
at functional.truckcategory.truckCategory.<init>(truckCategory.java:20)
at functional.truckcategory.truckCategory.<init>(truckCategory.java:20)
at functional.truckcategory.truckCategory.<init>(truckCategory.java:20)
at functional.truckcategory.truckCategory.<init>(truckCategory.java:20)
at functional.truckcategory.truckCategory.<init>(truckCategory.java:20)
at functional.truckcategory.truckCategory.<init>(truckCategory.java:20)
at functional.truckcategory.truckCategory.<init>(truckCategory.java:20)
at functional.truckcategory.truckCategory.<init>(truckCategory.java:20)
at functional.truckcategory.truckCategory.<init>(truckCategory.java:20)
at functional.truckcategory.truckCategory.<init>(truckCategory.java:20)
at functional.truckcategory.truckCategory.<init>(truckCategory.java:20)
at functional.truckcategory.truckCategory.<init>(truckCategory.java:20)
at functional.truckcategory.truckCategory.<init>(truckCategory.java:20)
at functional.truckcategory.truckCategory.<init>(truckCategory.java:20)
at functional.truckcategory.truckCategory.<init>(truckCategory.java:20)
at functional.truckcategory.truckCategory.<init>(truckCategory.java:20)
at functional.truckcategory.truckCategory.<init>(truckCategory.java:20)
at functional.truckcategory.truckCategory.<init>(truckCategory.java:20)
at functional.truckcategory.truckCategory.<init>(truckCategory.java:20)
at functional.truckcategory.truckCategory.<init>(truckCategory.java:20)
at functional.truckcategory.truckCategory.<init>(truckCategory.java:20)
at functional.truckcategory.truckCategory.<init>(truckCategory.java:20)
at functional.truckcategory.truckCategory.<init>(truckCategory.java:20)
at functional.truckcategory.truckCategory.<init>(truckCategory.java:20)
at functional.truckcategory.truckCategory.<init>(truckCategory.java:20)
at functional.truckcategory.truckCategory.<init>(truckCategory.java:20)
at functional.truckcategory.truckCategory.<init>(truckCategory.java:20)
at functional.truckcategory.truckCategory.<init>(truckCategory.java:20)
at functional.truckcategory.truckCategory.<init>(truckCategory.java:20)
at functional.truckcategory.truckCategory.<init>(truckCategory.java:20)
at functional.truckcategory.truckCategory.<init>(truckCategory.java:20)
at functional.truckcategory.truckCategory.<init>(truckCategory.java:20)
at functional.truckcategory.truckCategory.<init>(truckCategory.java:20)
at functional.truckcategory.truckCategory.<init>(truckCategory.java:20)
at functional.truckcategory.truckCategory.<init>(truckCategory.java:20)
at functional.truckcategory.truckCategory.<init>(truckCategory.java:20)
at functional.truckcategory.truckCategory.<init>(truckCategory.java:20)
at functional.truckcategory.truckCategory.<init>(truckCategory.java:20)
at functional.truckcategory.truckCategory.<init>(truckCategory.java:20)
at functional.truckcategory.truckCategory.<init>(truckCategory.java:20)
at functional.truckcategory.truckCategory.<init>(truckCategory.java:20)
at functional.truckcategory.truckCategory.<init>(truckCategory.java:20)
at functional.truckcategory.truckCategory.<init>(truckCategory.java:20)
at functional.truckcategory.truckCategory.<init>(truckCategory.java:20)
at functional.truckcategory.truckCategory.<init>(truckCategory.java:20)
at functional.truckcategory.truckCategory.<init>(truckCategory.java:20)
at functional.truckcategory.truckCategory.<init>(truckCategory.java:20)
at functional.truckcategory.truckCategory.<init>(truckCategory.java:20)
at functional.truckcategory.truckCategory.<init>(truckCategory.java:20)
at functional.truckcategory.truckCategory.<init>(truckCategory.java:20)
at functional.truckcategory.truckCategory.<init>(truckCategory.java:20)
at functional.truckcategory.truckCategory.<init>(truckCategory.java:20)
at functional.truckcategory.truckCategory.<init>(truckCategory.java:20)
at functional.truckcategory.truckCategory.<init>(truckCategory.java:20)
at functional.truckcategory.truckCategory.<init>(truckCategory.java:20)
at functional.truckcategory.truckCategory.<init>(truckCategory.java:20)
at functional.truckcategory.truckCategory.<init>(truckCategory.java:20)
at functional.truckcategory.truckCategory.<init>(truckCategory.java:20)
at functional.truckcategory.truckCategory.<init>(truckCategory.java:20)
at functional.truckcategory.truckCategory.<init>(truckCategory.java:20)
at functional.truckcategory.truckCategory.<init>(truckCategory.java:20)
at functional.truckcategory.truckCategory.<init>(truckCategory.java:20)
at functional.truckcategory.truckCategory.<init>(truckCategory.java:20)
at functional.truckcategory.truckCategory.<init>(truckCategory.java:20)
at functional.truckcategory.truckCategory.<init>(truckCategory.java:20)
at functional.truckcategory.truckCategory.<init>(truckCategory.java:20)
at functional.truckcategory.truckCategory.<init>(truckCategory.java:20)
at functional.truckcategory.truckCategory.<init>(truckCategory.java:20)
at functional.truckcategory.truckCategory.<init>(truckCategory.java:20)
at functional.truckcategory.truckCategory.<init>(truckCategory.java:20)
at functional.truckcategory.truckCategory.<init>(truckCategory.java:20)
at functional.truckcategory.truckCategory.<init>(truckCategory.java:20)
at functional.truckcategory.truckCategory.<init>(truckCategory.java:20)
at functional.truckcategory.truckCategory.<init>(truckCategory.java:20)
at functional.truckcategory.truckCategory.<init>(truckCategory.java:20)
at functional.truckcategory.truckCategory.<init>(truckCategory.java:20)
at functional.truckcategory.truckCategory.<init>(truckCategory.java:20)
at functional.truckcategory.truckCategory.<init>(truckCategory.java:20)
at functional.truckcategory.truckCategory.<init>(truckCategory.java:20)
at functional.truckcategory.truckCategory.<init>(truckCategory.java:20)
at functional.truckcategory.truckCategory.<init>(truckCategory.java:20)
at functional.truckcategory.truckCategory.<init>(truckCategory.java:20)
at functional.truckcategory.truckCategory.<init>(truckCategory.java:20)
at functional.truckcategory.truckCategory.<init>(truckCategory.java:20)
at functional.truckcategory.truckCategory.<init>(truckCategory.java:20)
at functional.truckcategory.truckCategory.<init>(truckCategory.java:20)
at functional.truckcategory.truckCategory.<init>(truckCategory.java:20)
at functional.truckcategory.truckCategory.<init>(truckCategory.java:20)
at functional.truckcategory.truckCategory.<init>(truckCategory.java:20)
at functional.truckcategory.truckCategory.<init>(truckCategory.java:20)
at functional.truckcategory.truckCategory.<init>(truckCategory.java:20)
at functional.truckcategory.truckCategory.<init>(truckCategory.java:20)
at functional.truckcategory.truckCategory.<init>(truckCategory.java:20)
at functional.truckcategory.truckCategory.<init>(truckCategory.java:20)
at functional.truckcategory.truckCategory.<init>(truckCategory.java:20)
at functional.truckcategory.truckCategory.<init>(truckCategory.java:20)
at functional.truckcategory.truckCategory.<init>(truckCategory.java:20)
at functional.truckcategory.truckCategory.<init>(truckCategory.java:20)
at functional.truckcategory.truckCategory.<init>(truckCategory.java:20)
at functional.truckcategory.truckCategory.<init>(truckCategory.java:20)
at functional.truckcategory.truckCategory.<init>(truckCategory.java:20)
at functional.truckcategory.truckCategory.<init>(truckCategory.java:20)
at functional.truckcategory.truckCategory.<init>(truckCategory.java:20)
at functional.truckcategory.truckCategory.<init>(truckCategory.java:20)
at functional.truckcategory.truckCategory.<init>(truckCategory.java:20)
at functional.truckcategory.truckCategory.<init>(truckCategory.java:20)
at functional.truckcategory.truckCategory.<init>(truckCategory.java:20)
at functional.truckcategory.truckCategory.<init>(truckCategory.java:20)
at functional.truckcategory.truckCategory.<init>(truckCategory.java:20)
at functional.truckcategory.truckCategory.<init>(truckCategory.java:20)
at functional.truckcategory.truckCategory.<init>(truckCategory.java:20)
at functional.truckcategory.truckCategory.<init>(truckCategory.java:20)
at functional.truckcategory.truckCategory.<init>(truckCategory.java:20)
at functional.truckcategory.truckCategory.<init>(truckCategory.java:20)
at functional.truckcategory.truckCategory.<init>(truckCategory.java:20)
at functional.truckcategory.truckCategory.<init>(truckCategory.java:20)
at functional.truckcategory.truckCategory.<init>(truckCategory.java:20)
at functional.truckcategory.truckCategory.<init>(truckCategory.java:20)
at functional.truckcategory.truckCategory.<init>(truckCategory.java:20)
at functional.truckcategory.truckCategory.<init>(truckCategory.java:20)
at functional.truckcategory.truckCategory.<init>(truckCategory.java:20)
at functional.truckcategory.truckCategory.<init>(truckCategory.java:20)
at functional.truckcategory.truckCategory.<init>(truckCategory.java:20)
at functional.truckcategory.truckCategory.<init>(truckCategory.java:20)
at functional.truckcategory.truckCategory.<init>(truckCategory.java:20)
at functional.truckcategory.truckCategory.<init>(truckCategory.java:20)
at functional.truckcategory.truckCategory.<init>(truckCategory.java:20)
at functional.truckcategory.truckCategory.<init>(truckCategory.java:20)
at functional.truckcategory.truckCategory.<init>(truckCategory.java:20)
at functional.truckcategory.truckCategory.<init>(truckCategory.java:20)
at functional.truckcategory.truckCategory.<init>(truckCategory.java:20)
at functional.truckcategory.truckCategory.<init>(truckCategory.java:20)
at functional.truckcategory.truckCategory.<init>(truckCategory.java:20)
at functional.truckcategory.truckCategory.<init>(truckCategory.java:20)
at functional.truckcategory.truckCategory.<init>(truckCategory.java:20)
at functional.truckcategory.truckCategory.<init>(truckCategory.java:20)
at functional.truckcategory.truckCategory.<init>(truckCategory.java:20)
at functional.truckcategory.truckCategory.<init>(truckCategory.java:20)
at functional.truckcategory.truckCategory.<init>(truckCategory.java:20)
at functional.truckcategory.truckCategory.<init>(truckCategory.java:20)
at functional.truckcategory.truckCategory.<init>(truckCategory.java:20)
at functional.truckcategory.truckCategory.<init>(truckCategory.java:20)
at functional.truckcategory.truckCategory.<init>(truckCategory.java:20)
at functional.truckcategory.truckCategory.<init>(truckCategory.java:20)
at functional.truckcategory.truckCategory.<init>(truckCategory.java:20)
at functional.truckcategory.truckCategory.<init>(truckCategory.java:20)
at functional.truckcategory.truckCategory.<init>(truckCategory.java:20)
at functional.truckcategory.truckCategory.<init>(truckCategory.java:20)
at functional.truckcategory.truckCategory.<init>(truckCategory.java:20)
at functional.truckcategory.truckCategory.<init>(truckCategory.java:20)
at functional.truckcategory.truckCategory.<init>(truckCategory.java:20)
at functional.truckcategory.truckCategory.<init>(truckCategory.java:20)
at functional.truckcategory.truckCategory.<init>(truckCategory.java:20)
at functional.truckcategory.truckCategory.<init>(truckCategory.java:20)
at functional.truckcategory.truckCategory.<init>(truckCategory.java:20)
at functional.truckcategory.truckCategory.<init>(truckCategory.java:20)
at functional.truckcategory.truckCategory.<init>(truckCategory.java:20)
at functional.truckcategory.truckCategory.<init>(truckCategory.java:20)
at functional.truckcategory.truckCategory.<init>(truckCategory.java:20)
at functional.truckcategory.truckCategory.<init>(truckCategory.java:20)
at functional.truckcategory.truckCategory.<init>(truckCategory.java:20)
at functional.truckcategory.truckCategory.<init>(truckCategory.java:20)
at functional.truckcategory.truckCategory.<init>(truckCategory.java:20)
at functional.truckcategory.truckCategory.<init>(truckCategory.java:20)
at functional.truckcategory.truckCategory.<init>(truckCategory.java:20)
at functional.truckcategory.truckCategory.<init>(truckCategory.java:20)
at functional.truckcategory.truckCategory.<init>(truckCategory.java:20)
at functional.truckcategory.truckCategory.<init>(truckCategory.java:20)
at functional.truckcategory.truckCategory.<init>(truckCategory.java:20)
at functional.truckcategory.truckCategory.<init>(truckCategory.java:20)
at functional.truckcategory.truckCategory.<init>(truckCategory.java:20)
at functional.truckcategory.truckCategory.<init>(truckCategory.java:20)
at functional.truckcategory.truckCategory.<init>(truckCategory.java:20)
at functional.truckcategory.truckCategory.<init>(truckCategory.java:20)
at functional.truckcategory.truckCategory.<init>(truckCategory.java:20)
at functional.truckcategory.truckCategory.<init>(truckCategory.java:20)
at functional.truckcategory.truckCategory.<init>(truckCategory.java:20)
at functional.truckcategory.truckCategory.<init>(truckCategory.java:20)
at functional.truckcategory.truckCategory.<init>(truckCategory.java:20)
at functional.truckcategory.truckCategory.<init>(truckCategory.java:20)
at functional.truckcategory.truckCategory.<init>(truckCategory.java:20)
at functional.truckcategory.truckCategory.<init>(truckCategory.java:20)
at functional.truckcategory.truckCategory.<init>(truckCategory.java:20)
at functional.truckcategory.truckCategory.<init>(truckCategory.java:20)
at functional.truckcategory.truckCategory.<init>(truckCategory.java:20)
at functional.truckcategory.truckCategory.<init>(truckCategory.java:20)
at functional.truckcategory.truckCategory.<init>(truckCategory.java:20)
at functional.truckcategory.truckCategory.<init>(truckCategory.java:20)
at functional.truckcategory.truckCategory.<init>(truckCategory.java:20)
at functional.truckcategory.truckCategory.<init>(truckCategory.java:20)
at functional.truckcategory.truckCategory.<init>(truckCategory.java:20)
at functional.truckcategory.truckCategory.<init>(truckCategory.java:20)
at functional.truckcategory.truckCategory.<init>(truckCategory.java:20)
at functional.truckcategory.truckCategory.<init>(truckCategory.java:20)
at functional.truckcategory.truckCategory.<init>(truckCategory.java:20)
at functional.truckcategory.truckCategory.<init>(truckCategory.java:20)
at functional.truckcategory.truckCategory.<init>(truckCategory.java:20)
at functional.truckcategory.truckCategory.<init>(truckCategory.java:20)
at functional.truckcategory.truckCategory.<init>(truckCategory.java:20)
at functional.truckcategory.truckCategory.<init>(truckCategory.java:20)
at functional.truckcategory.truckCategory.<init>(truckCategory.java:20)
at functional.truckcategory.truckCategory.<init>(truckCategory.java:20)
at functional.truckcategory.truckCategory.<init>(truckCategory.java:20)
at functional.truckcategory.truckCategory.<init>(truckCategory.java:20)
at functional.truckcategory.truckCategory.<init>(truckCategory.java:20)
at functional.truckcategory.truckCategory.<init>(truckCategory.java:20)
at functional.truckcategory.truckCategory.<init>(truckCategory.java:20)
at functional.truckcategory.truckCategory.<init>(truckCategory.java:20)
at functional.truckcategory.truckCategory.<init>(truckCategory.java:20)
at functional.truckcategory.truckCategory.<init>(truckCategory.java:20)
at functional.truckcategory.truckCategory.<init>(truckCategory.java:20)
at functional.truckcategory.truckCategory.<init>(truckCategory.java:20)
at functional.truckcategory.truckCategory.<init>(truckCategory.java:20)
at functional.truckcategory.truckCategory.<init>(truckCategory.java:20)
at functional.truckcategory.truckCategory.<init>(truckCategory.java:20)
at functional.truckcategory.truckCategory.<init>(truckCategory.java:20)
at functional.truckcategory.truckCategory.<init>(truckCategory.java:20)
at functional.truckcategory.truckCategory.<init>(truckCategory.java:20)
at functional.truckcategory.truckCategory.<init>(truckCategory.java:20)
at functional.truckcategory.truckCategory.<init>(truckCategory.java:20)
at functional.truckcategory.truckCategory.<init>(truckCategory.java:20)
at functional.truckcategory.truckCategory.<init>(truckCategory.java:20)
at functional.truckcategory.truckCategory.<init>(truckCategory.java:20)
at functional.truckcategory.truckCategory.<init>(truckCategory.java:20)
at functional.truckcategory.truckCategory.<init>(truckCategory.java:20)
at functional.truckcategory.truckCategory.<init>(truckCategory.java:20)
at functional.truckcategory.truckCategory.<init>(truckCategory.java:20)
at functional.truckcategory.truckCategory.<init>(truckCategory.java:20)
at functional.truckcategory.truckCategory.<init>(truckCategory.java:20)
at functional.truckcategory.truckCategory.<init>(truckCategory.java:20)
at functional.truckcategory.truckCategory.<init>(truckCategory.java:20)
at functional.truckcategory.truckCategory.<init>(truckCategory.java:20)
at functional.truckcategory.truckCategory.<init>(truckCategory.java:20)
at functional.truckcategory.truckCategory.<init>(truckCategory.java:20)
at functional.truckcategory.truckCategory.<init>(truckCategory.java:20)
at functional.truckcategory.truckCategory.<init>(truckCategory.java:20)
at functional.truckcategory.truckCategory.<init>(truckCategory.java:20)
at functional.truckcategory.truckCategory.<init>(truckCategory.java:20)
at functional.truckcategory.truckCategory.<init>(truckCategory.java:20)
at functional.truckcategory.truckCategory.<init>(truckCategory.java:20)
at functional.truckcategory.truckCategory.<init>(truckCategory.java:20)
at functional.truckcategory.truckCategory.<init>(truckCategory.java:20)
at functional.truckcategory.truckCategory.<init>(truckCategory.java:20)
at functional.truckcategory.truckCategory.<init>(truckCategory.java:20)
at functional.truckcategory.truckCategory.<init>(truckCategory.java:20)
at functional.truckcategory.truckCategory.<init>(truckCategory.java:20)
at functional.truckcategory.truckCategory.<init>(truckCategory.java:20)
at functional.truckcategory.truckCategory.<init>(truckCategory.java:20)
at functional.truckcategory.truckCategory.<init>(truckCategory.java:20)
at functional.truckcategory.truckCategory.<init>(truckCategory.java:20)
at functional.truckcategory.truckCategory.<init>(truckCategory.java:20)
at functional.truckcategory.truckCategory.<init>(truckCategory.java:20)
at functional.truckcategory.truckCategory.<init>(truckCategory.java:20)
at functional.truckcategory.truckCategory.<init>(truckCategory.java:20)
at functional.truckcategory.truckCategory.<init>(truckCategory.java:20)
at functional.truckcategory.truckCategory.<init>(truckCategory.java:20)
at functional.truckcategory.truckCategory.<init>(truckCategory.java:20)
at functional.truckcategory.truckCategory.<init>(truckCategory.java:20)
at functional.truckcategory.truckCategory.<init>(truckCategory.java:20)
at functional.truckcategory.truckCategory.<init>(truckCategory.java:20)
at functional.truckcategory.truckCategory.<init>(truckCategory.java:20)
at functional.truckcategory.truckCategory.<init>(truckCategory.java:20)
at functional.truckcategory.truckCategory.<init>(truckCategory.java:20)
at functional.truckcategory.truckCategory.<init>(truckCategory.java:20)
at functional.truckcategory.truckCategory.<init>(truckCategory.java:20)
at functional.truckcategory.truckCategory.<init>(truckCategory.java:20)
at functional.truckcategory.truckCategory.<init>(truckCategory.java:20)
at functional.truckcategory.truckCategory.<init>(truckCategory.java:20)
at functional.truckcategory.truckCategory.<init>(truckCategory.java:20)
at functional.truckcategory.truckCategory.<init>(truckCategory.java:20)
at functional.truckcategory.truckCategory.<init>(truckCategory.java:20)
at functional.truckcategory.truckCategory.<init>(truckCategory.java:20)
at functional.truckcategory.truckCategory.<init>(truckCategory.java:20)
at functional.truckcategory.truckCategory.<init>(truckCategory.java:20)
at functional.truckcategory.truckCategory.<init>(truckCategory.java:20)
at functional.truckcategory.truckCategory.<init>(truckCategory.java:20)
at functional.truckcategory.truckCategory.<init>(truckCategory.java:20)
at functional.truckcategory.truckCategory.<init>(truckCategory.java:20)
at functional.truckcategory.truckCategory.<init>(truckCategory.java:20)
at functional.truckcategory.truckCategory.<init>(truckCategory.java:20)
at functional.truckcategory.truckCategory.<init>(truckCategory.java:20)
at functional.truckcategory.truckCategory.<init>(truckCategory.java:20)
at functional.truckcategory.truckCategory.<init>(truckCategory.java:20)
at functional.truckcategory.truckCategory.<init>(truckCategory.java:20)
at functional.truckcategory.truckCategory.<init>(truckCategory.java:20)
at functional.truckcategory.truckCategory.<init>(truckCategory.java:20)
at functional.truckcategory.truckCategory.<init>(truckCategory.java:20)
at functional.truckcategory.truckCategory.<init>(truckCategory.java:20)
at functional.truckcategory.truckCategory.<init>(truckCategory.java:20)
at functional.truckcategory.truckCategory.<init>(truckCategory.java:20)
at functional.truckcategory.truckCategory.<init>(truckCategory.java:20)
at functional.truckcategory.truckCategory.<init>(truckCategory.java:20)
at functional.truckcategory.truckCategory.<init>(truckCategory.java:20)
at functional.truckcategory.truckCategory.<init>(truckCategory.java:20)
at functional.truckcategory.truckCategory.<init>(truckCategory.java:20)
at functional.truckcategory.truckCategory.<init>(truckCategory.java:20)
at functional.truckcategory.truckCategory.<init>(truckCategory.java:20)
at functional.truckcategory.truckCategory.<init>(truckCategory.java:20)
at functional.truckcategory.truckCategory.<init>(truckCategory.java:20)
at functional.truckcategory.truckCategory.<init>(truckCategory.java:20)
at functional.truckcategory.truckCategory.<init>(truckCategory.java:20)
at functional.truckcategory.truckCategory.<init>(truckCategory.java:20)
at functional.truckcategory.truckCategory.<init>(truckCategory.java:20)
at functional.truckcategory.truckCategory.<init>(truckCategory.java:20)
at functional.truckcategory.truckCategory.<init>(truckCategory.java:20)
at functional.truckcategory.truckCategory.<init>(truckCategory.java:20)
at functional.truckcategory.truckCategory.<init>(truckCategory.java:20)
at functional.truckcategory.truckCategory.<init>(truckCategory.java:20)
at functional.truckcategory.truckCategory.<init>(truckCategory.java:20)
at functional.truckcategory.truckCategory.<init>(truckCategory.java:20)
at functional.truckcategory.truckCategory.<init>(truckCategory.java:20)
at functional.truckcategory.truckCategory.<init>(truckCategory.java:20)
at functional.truckcategory.truckCategory.<init>(truckCategory.java:20)
at functional.truckcategory.truckCategory.<init>(truckCategory.java:20)
at functional.truckcategory.truckCategory.<init>(truckCategory.java:20)
at functional.truckcategory.truckCategory.<init>(truckCategory.java:20)
at functional.truckcategory.truckCategory.<init>(truckCategory.java:20)
at functional.truckcategory.truckCategory.<init>(truckCategory.java:20)
at functional.truckcategory.truckCategory.<init>(truckCategory.java:20)
at functional.truckcategory.truckCategory.<init>(truckCategory.java:20)
at functional.truckcategory.truckCategory.<init>(truckCategory.java:20)
at functional.truckcategory.truckCategory.<init>(truckCategory.java:20)
at functional.truckcategory.truckCategory.<init>(truckCategory.java:20)
at functional.truckcategory.truckCategory.<init>(truckCategory.java:20)
at functional.truckcategory.truckCategory.<init>(truckCategory.java:20)
at functional.truckcategory.truckCategory.<init>(truckCategory.java:20)
at functional.truckcategory.truckCategory.<init>(truckCategory.java:20)
at functional.truckcategory.truckCategory.<init>(truckCategory.java:20)
at functional.truckcategory.truckCategory.<init>(truckCategory.java:20)
at functional.truckcategory.truckCategory.<init>(truckCategory.java:20)
at functional.truckcategory.truckCategory.<init>(truckCategory.java:20)
at functional.truckcategory.truckCategory.<init>(truckCategory.java:20)
at functional.truckcategory.truckCategory.<init>(truckCategory.java:20)
at functional.truckcategory.truckCategory.<init>(truckCategory.java:20)
at functional.truckcategory.truckCategory.<init>(truckCategory.java:20)
at functional.truckcategory.truckCategory.<init>(truckCategory.java:20)
at functional.truckcategory.truckCategory.<init>(truckCategory.java:20)
at functional.truckcategory.truckCategory.<init>(truckCategory.java:20)
at functional.truckcategory.truckCategory.<init>(truckCategory.java:20)
at functional.truckcategory.truckCategory.<init>(truckCategory.java:20)
at functional.truckcategory.truckCategory.<init>(truckCategory.java:20)
at functional.truckcategory.truckCategory.<init>(truckCategory.java:20)
at functional.truckcategory.truckCategory.<init>(truckCategory.java:20)
at functional.truckcategory.truckCategory.<init>(truckCategory.java:20)
at functional.truckcategory.truckCategory.<init>(truckCategory.java:20)
at functional.truckcategory.truckCategory.<init>(truckCategory.java:20)
at functional.truckcategory.truckCategory.<init>(truckCategory.java:20)
at functional.truckcategory.truckCategory.<init>(truckCategory.java:20)
at functional.truckcategory.truckCategory.<init>(truckCategory.java:20)
at functional.truckcategory.truckCategory.<init>(truckCategory.java:20)
at functional.truckcategory.truckCategory.<init>(truckCategory.java:20)
at functional.truckcategory.truckCategory.<init>(truckCategory.java:20)
at functional.truckcategory.truckCategory.<init>(truckCategory.java:20)
at functional.truckcategory.truckCategory.<init>(truckCategory.java:20)
at functional.truckcategory.truckCategory.<init>(truckCategory.java:20)
at functional.truckcategory.truckCategory.<init>(truckCategory.java:20)
at functional.truckcategory.truckCategory.<init>(truckCategory.java:20)
at functional.truckcategory.truckCategory.<init>(truckCategory.java:20)
at functional.truckcategory.truckCategory.<init>(truckCategory.java:20)
at functional.truckcategory.truckCategory.<init>(truckCategory.java:20)
at functional.truckcategory.truckCategory.<init>(truckCategory.java:20)
at functional.truckcategory.truckCategory.<init>(truckCategory.java:20)
at functional.truckcategory.truckCategory.<init>(truckCategory.java:20)
at functional.truckcategory.truckCategory.<init>(truckCategory.java:20)
at functional.truckcategory.truckCategory.<init>(truckCategory.java:20)
at functional.truckcategory.truckCategory.<init>(truckCategory.java:20)
at functional.truckcategory.truckCategory.<init>(truckCategory.java:20)
at functional.truckcategory.truckCategory.<init>(truckCategory.java:20)
at functional.truckcategory.truckCategory.<init>(truckCategory.java:20)
at functional.truckcategory.truckCategory.<init>(truckCategory.java:20)
at functional.truckcategory.truckCategory.<init>(truckCategory.java:20)
at functional.truckcategory.truckCategory.<init>(truckCategory.java:20)
at functional.truckcategory.truckCategory.<init>(truckCategory.java:20)
at functional.truckcategory.truckCategory.<init>(truckCategory.java:20)
at functional.truckcategory.truckCategory.<init>(truckCategory.java:20)
at functional.truckcategory.truckCategory.<init>(truckCategory.java:20)
at functional.truckcategory.truckCategory.<init>(truckCategory.java:20)
at functional.truckcategory.truckCategory.<init>(truckCategory.java:20)
at functional.truckcategory.truckCategory.<init>(truckCategory.java:20)
at functional.truckcategory.truckCategory.<init>(truckCategory.java:20)
at functional.truckcategory.truckCategory.<init>(truckCategory.java:20)
at functional.truckcategory.truckCategory.<init>(truckCategory.java:20)
at functional.truckcategory.truckCategory.<init>(truckCategory.java:20)
at functional.truckcategory.truckCategory.<init>(truckCategory.java:20)
at functional.truckcategory.truckCategory.<init>(truckCategory.java:20)
at functional.truckcategory.truckCategory.<init>(truckCategory.java:20)
at functional.truckcategory.truckCategory.<init>(truckCategory.java:20)
at functional.truckcategory.truckCategory.<init>(truckCategory.java:20)
at functional.truckcategory.truckCategory.<init>(truckCategory.java:20)
at functional.truckcategory.truckCategory.<init>(truckCategory.java:20)
at functional.truckcategory.truckCategory.<init>(truckCategory.java:20)
at functional.truckcategory.truckCategory.<init>(truckCategory.java:20)
at functional.truckcategory.truckCategory.<init>(truckCategory.java:20)
at functional.truckcategory.truckCategory.<init>(truckCategory.java:20)
at functional.truckcategory.truckCategory.<init>(truckCategory.java:20)
at functional.truckcategory.truckCategory.<init>(truckCategory.java:20)
at functional.truckcategory.truckCategory.<init>(truckCategory.java:20)
at functional.truckcategory.truckCategory.<init>(truckCategory.java:20)
at functional.truckcategory.truckCategory.<init>(truckCategory.java:20)
at functional.truckcategory.truckCategory.<init>(truckCategory.java:20)
at functional.truckcategory.truckCategory.<init>(truckCategory.java:20)
at functional.truckcategory.truckCategory.<init>(truckCategory.java:20)
at functional.truckcategory.truckCategory.<init>(truckCategory.java:20)
at functional.truckcategory.truckCategory.<init>(truckCategory.java:20)
at functional.truckcategory.truckCategory.<init>(truckCategory.java:20)
at functional.truckcategory.truckCategory.<init>(truckCategory.java:20)
at functional.truckcategory.truckCategory.<init>(truckCategory.java:20)
at functional.truckcategory.truckCategory.<init>(truckCategory.java:20)
at functional.truckcategory.truckCategory.<init>(truckCategory.java:20)
at functional.truckcategory.truckCategory.<init>(truckCategory.java:20)
at functional.truckcategory.truckCategory.<init>(truckCategory.java:20)
at functional.truckcategory.truckCategory.<init>(truckCategory.java:20)
at functional.truckcategory.truckCategory.<init>(truckCategory.java:20)
at functional.truckcategory.truckCategory.<init>(truckCategory.java:20)
at functional.truckcategory.truckCategory.<init>(truckCategory.java:20)
at functional.truckcategory.truckCategory.<init>(truckCategory.java:20)
at functional.truckcategory.truckCategory.<init>(truckCategory.java:20)
at functional.truckcategory.truckCategory.<init>(truckCategory.java:20)
at functional.truckcategory.truckCategory.<init>(truckCategory.java:20)
at functional.truckcategory.truckCategory.<init>(truckCategory.java:20)
at functional.truckcategory.truckCategory.<init>(truckCategory.java:20)
at functional.truckcategory.truckCategory.<init>(truckCategory.java:20)
at functional.truckcategory.truckCategory.<init>(truckCategory.java:20)
at functional.truckcategory.truckCategory.<init>(truckCategory.java:20)
at functional.truckcategory.truckCategory.<init>(truckCategory.java:20)
at functional.truckcategory.truckCategory.<init>(truckCategory.java:20)
at functional.truckcategory.truckCategory.<init>(truckCategory.java:20)
at functional.truckcategory.truckCategory.<init>(truckCategory.java:20)
at functional.truckcategory.truckCategory.<init>(truckCategory.java:20)
at functional.truckcategory.truckCategory.<init>(truckCategory.java:20)
at functional.truckcategory.truckCategory.<init>(truckCategory.java:20)
at functional.truckcategory.truckCategory.<init>(truckCategory.java:20)
at functional.truckcategory.truckCategory.<init>(truckCategory.java:20)
at functional.truckcategory.truckCategory.<init>(truckCategory.java:20)
at functional.truckcategory.truckCategory.<init>(truckCategory.java:20)
at functional.truckcategory.truckCategory.<init>(truckCategory.java:20)
at functional.truckcategory.truckCategory.<init>(truckCategory.java:20)
at functional.truckcategory.truckCategory.<init>(truckCategory.java:20)
at functional.truckcategory.truckCategory.<init>(truckCategory.java:20)
at functional.truckcategory.truckCategory.<init>(truckCategory.java:20)
at functional.truckcategory.truckCategory.<init>(truckCategory.java:20)
at functional.truckcategory.truckCategory.<init>(truckCategory.java:20)
at functional.truckcategory.truckCategory.<init>(truckCategory.java:20)
at functional.truckcategory.truckCategory.<init>(truckCategory.java:20)
at functional.truckcategory.truckCategory.<init>(truckCategory.java:20)
at functional.truckcategory.truckCategory.<init>(truckCategory.java:20)
at functional.truckcategory.truckCategory.<init>(truckCategory.java:20)
at functional.truckcategory.truckCategory.<init>(truckCategory.java:20)
at functional.truckcategory.truckCategory.<init>(truckCategory.java:20)
at functional.truckcategory.truckCategory.<init>(truckCategory.java:20)
at functional.truckcategory.truckCategory.<init>(truckCategory.java:20)
at functional.truckcategory.truckCategory.<init>(truckCategory.java:20)
at functional.truckcategory.truckCategory.<init>(truckCategory.java:20)
at functional.truckcategory.truckCategory.<init>(truckCategory.java:20)
at functional.truckcategory.truckCategory.<init>(truckCategory.java:20)
at functional.truckcategory.truckCategory.<init>(truckCategory.java:20)
at functional.truckcategory.truckCategory.<init>(truckCategory.java:20)
at functional.truckcategory.truckCategory.<init>(truckCategory.java:20)
at functional.truckcategory.truckCategory.<init>(truckCategory.java:20)
at functional.truckcategory.truckCategory.<init>(truckCategory.java:20)
at functional.truckcategory.truckCategory.<init>(truckCategory.java:20)
at functional.truckcategory.truckCategory.<init>(truckCategory.java:20)
at functional.truckcategory.truckCategory.<init>(truckCategory.java:20)
at functional.truckcategory.truckCategory.<init>(truckCategory.java:20)
at functional.truckcategory.truckCategory.<init>(truckCategory.java:20)
at functional.truckcategory.truckCategory.<init>(truckCategory.java:20)
at functional.truckcategory.truckCategory.<init>(truckCategory.java:20)
at functional.truckcategory.truckCategory.<init>(truckCategory.java:20)
at functional.truckcategory.truckCategory.<init>(truckCategory.java:20)
at functional.truckcategory.truckCategory.<init>(truckCategory.java:20)
at functional.truckcategory.truckCategory.<init>(truckCategory.java:20)
at functional.truckcategory.truckCategory.<init>(truckCategory.java:20)
at functional.truckcategory.truckCategory.<init>(truckCategory.java:20)
at functional.truckcategory.truckCategory.<init>(truckCategory.java:20)
at functional.truckcategory.truckCategory.<init>(truckCategory.java:20)
at functional.truckcategory.truckCategory.<init>(truckCategory.java:20)
at functional.truckcategory.truckCategory.<init>(truckCategory.java:20)
at functional.truckcategory.truckCategory.<init>(truckCategory.java:20)
at functional.truckcategory.truckCategory.<init>(truckCategory.java:20)
at functional.truckcategory.truckCategory.<init>(truckCategory.java:20)
at functional.truckcategory.truckCategory.<init>(truckCategory.java:20)
at functional.truckcategory.truckCategory.<init>(truckCategory.java:20)
at functional.truckcategory.truckCategory.<init>(truckCategory.java:20)
at functional.truckcategory.truckCategory.<init>(truckCategory.java:20)
at functional.truckcategory.truckCategory.<init>(truckCategory.java:20)
at functional.truckcategory.truckCategory.<init>(truckCategory.java:20)
at functional.truckcategory.truckCategory.<init>(truckCategory.java:20)
at functional.truckcategory.truckCategory.<init>(truckCategory.java:20)
at functional.truckcategory.truckCategory.<init>(truckCategory.java:20)
at functional.truckcategory.truckCategory.<init>(truckCategory.java:20)
at functional.truckcategory.truckCategory.<init>(truckCategory.java:20)
at functional.truckcategory.truckCategory.<init>(truckCategory.java:20)
at functional.truckcategory.truckCategory.<init>(truckCategory.java:20)
at functional.truckcategory.truckCategory.<init>(truckCategory.java:20)
at functional.truckcategory.truckCategory.<init>(truckCategory.java:20)
at functional.truckcategory.truckCategory.<init>(truckCategory.java:20)
at functional.truckcategory.truckCategory.<init>(truckCategory.java:20)
at functional.truckcategory.truckCategory.<init>(truckCategory.java:20)
at functional.truckcategory.truckCategory.<init>(truckCategory.java:20)
at functional.truckcategory.truckCategory.<init>(truckCategory.java:20)
at functional.truckcategory.truckCategory.<init>(truckCategory.java:20)
at functional.truckcategory.truckCategory.<init>(truckCategory.java:20)
at functional.truckcategory.truckCategory.<init>(truckCategory.java:20)
at functional.truckcategory.truckCategory.<init>(truckCategory.java:20)
at functional.truckcategory.truckCategory.<init>(truckCategory.java:20)
at functional.truckcategory.truckCategory.<init>(truckCategory.java:20)
at functional.truckcategory.truckCategory.<init>(truckCategory.java:20)
at functional.truckcategory.truckCategory.<init>(truckCategory.java:20)
at functional.truckcategory.truckCategory.<init>(truckCategory.java:20)
at functional.truckcategory.truckCategory.<init>(truckCategory.java:20)
at functional.truckcategory.truckCategory.<init>(truckCategory.java:20)
at functional.truckcategory.truckCategory.<init>(truckCategory.java:20)
at functional.truckcategory.truckCategory.<init>(truckCategory.java:20)
at functional.truckcategory.truckCategory.<init>(truckCategory.java:20)
at functional.truckcategory.truckCategory.<init>(truckCategory.java:20)
at functional.truckcategory.truckCategory.<init>(truckCategory.java:20)
at functional.truckcategory.truckCategory.<init>(truckCategory.java:20)
at functional.truckcategory.truckCategory.<init>(truckCategory.java:20)
at functional.truckcategory.truckCategory.<init>(truckCategory.java:20)
at functional.truckcategory.truckCategory.<init>(truckCategory.java:20)
at functional.truckcategory.truckCategory.<init>(truckCategory.java:20)
at functional.truckcategory.truckCategory.<init>(truckCategory.java:20)
at functional.truckcategory.truckCategory.<init>(truckCategory.java:20)
at functional.truckcategory.truckCategory.<init>(truckCategory.java:20)
at functional.truckcategory.truckCategory.<init>(truckCategory.java:20)
at functional.truckcategory.truckCategory.<init>(truckCategory.java:20)
at functional.truckcategory.truckCategory.<init>(truckCategory.java:20)
at functional.truckcategory.truckCategory.<init>(truckCategory.java:20)
at functional.truckcategory.truckCategory.<init>(truckCategory.java:20)
at functional.truckcategory.truckCategory.<init>(truckCategory.java:20)
at functional.truckcategory.truckCategory.<init>(truckCategory.java:20)
at functional.truckcategory.truckCategory.<init>(truckCategory.java:20)
at functional.truckcategory.truckCategory.<init>(truckCategory.java:20)
at functional.truckcategory.truckCategory.<init>(truckCategory.java:20)
at functional.truckcategory.truckCategory.<init>(truckCategory.java:20)
at functional.truckcategory.truckCategory.<init>(truckCategory.java:20)
at functional.truckcategory.truckCategory.<init>(truckCategory.java:20)
at functional.truckcategory.truckCategory.<init>(truckCategory.java:20)
at functional.truckcategory.truckCategory.<init>(truckCategory.java:20)
at functional.truckcategory.truckCategory.<init>(truckCategory.java:20)
at functional.truckcategory.truckCategory.<init>(truckCategory.java:20)
at functional.truckcategory.truckCategory.<init>(truckCategory.java:20)
at functional.truckcategory.truckCategory.<init>(truckCategory.java:20)
at functional.truckcategory.truckCategory.<init>(truckCategory.java:20)
at functional.truckcategory.truckCategory.<init>(truckCategory.java:20)
at functional.truckcategory.truckCategory.<init>(truckCategory.java:20)
at functional.truckcategory.truckCategory.<init>(truckCategory.java:20)
at functional.truckcategory.truckCategory.<init>(truckCategory.java:20)
at functional.truckcategory.truckCategory.<init>(truckCategory.java:20)
at functional.truckcategory.truckCategory.<init>(truckCategory.java:20)
at functional.truckcategory.truckCategory.<init>(truckCategory.java:20)
at functional.truckcategory.truckCategory.<init>(truckCategory.java:20)
at functional.truckcategory.truckCategory.<init>(truckCategory.java:20)
at functional.truckcategory.truckCategory.<init>(truckCategory.java:20)
at functional.truckcategory.truckCategory.<init>(truckCategory.java:20)
at functional.truckcategory.truckCategory.<init>(truckCategory.java:20)
at functional.truckcategory.truckCategory.<init>(truckCategory.java:20)
at functional.truckcategory.truckCategory.<init>(truckCategory.java:20)
at functional.truckcategory.truckCategory.<init>(truckCategory.java:20)
at functional.truckcategory.truckCategory.<init>(truckCategory.java:20)
at functional.truckcategory.truckCategory.<init>(truckCategory.java:20)
at functional.truckcategory.truckCategory.<init>(truckCategory.java:20)
at functional.truckcategory.truckCategory.<init>(truckCategory.java:20)
at functional.truckcategory.truckCategory.<init>(truckCategory.java:20)
at functional.truckcategory.truckCategory.<init>(truckCategory.java:20)
at functional.truckcategory.truckCategory.<init>(truckCategory.java:20)
at functional.truckcategory.truckCategory.<init>(truckCategory.java:20)
at functional.truckcategory.truckCategory.<init>(truckCategory.java:20)
at functional.truckcategory.truckCategory.<init>(truckCategory.java:20)
at functional.truckcategory.truckCategory.<init>(truckCategory.java:20)
at functional.truckcategory.truckCategory.<init>(truckCategory.java:20)
at functional.truckcategory.truckCategory.<init>(truckCategory.java:20)
at functional.truckcategory.truckCategory.<init>(truckCategory.java:20)
at functional.truckcategory.truckCategory.<init>(truckCategory.java:20)
at functional.truckcategory.truckCategory.<init>(truckCategory.java:20)
at functional.truckcategory.truckCategory.<init>(truckCategory.java:20)
at functional.truckcategory.truckCategory.<init>(truckCategory.java:20)
at functional.truckcategory.truckCategory.<init>(truckCategory.java:20)
at functional.truckcategory.truckCategory.<init>(truckCategory.java:20)
at functional.truckcategory.truckCategory.<init>(truckCategory.java:20)
at functional.truckcategory.truckCategory.<init>(truckCategory.java:20)
at functional.truckcategory.truckCategory.<init>(truckCategory.java:20)
at functional.truckcategory.truckCategory.<init>(truckCategory.java:20)
at functional.truckcategory.truckCategory.<init>(truckCategory.java:20)
at functional.truckcategory.truckCategory.<init>(truckCategory.java:20)
at functional.truckcategory.truckCategory.<init>(truckCategory.java:20)
at functional.truckcategory.truckCategory.<init>(truckCategory.java:20)
at functional.truckcategory.truckCategory.<init>(truckCategory.java:20)
at functional.truckcategory.truckCategory.<init>(truckCategory.java:20)
at functional.truckcategory.truckCategory.<init>(truckCategory.java:20)
at functional.truckcategory.truckCategory.<init>(truckCategory.java:20)
at functional.truckcategory.truckCategory.<init>(truckCategory.java:20)
at functional.truckcategory.truckCategory.<init>(truckCategory.java:20)
at functional.truckcategory.truckCategory.<init>(truckCategory.java:20)
at functional.truckcategory.truckCategory.<init>(truckCategory.java:20)
at functional.truckcategory.truckCategory.<init>(truckCategory.java:20)
at functional.truckcategory.truckCategory.<init>(truckCategory.java:20)
at functional.truckcategory.truckCategory.<init>(truckCategory.java:20)
at functional.truckcategory.truckCategory.<init>(truckCategory.java:20)
at functional.truckcategory.truckCategory.<init>(truckCategory.java:20)
at functional.truckcategory.truckCategory.<init>(truckCategory.java:20)
at functional.truckcategory.truckCategory.<init>(truckCategory.java:20)
at functional.truckcategory.truckCategory.<init>(truckCategory.java:20)
at functional.truckcategory.truckCategory.<init>(truckCategory.java:20)
at functional.truckcategory.truckCategory.<init>(truckCategory.java:20)
at functional.truckcategory.truckCategory.<init>(truckCategory.java:20)
at functional.truckcategory.truckCategory.<init>(truckCategory.java:20)
at functional.truckcategory.truckCategory.<init>(truckCategory.java:20)
at functional.truckcategory.truckCategory.<init>(truckCategory.java:20)
at functional.truckcategory.truckCategory.<init>(truckCategory.java:20)
at functional.truckcategory.truckCategory.<init>(truckCategory.java:20)
at functional.truckcategory.truckCategory.<init>(truckCategory.java:20)
at functional.truckcategory.truckCategory.<init>(truckCategory.java:20)
at functional.truckcategory.truckCategory.<init>(truckCategory.java:20)
at functional.truckcategory.truckCategory.<init>(truckCategory.java:20)
at functional.truckcategory.truckCategory.<init>(truckCategory.java:20)
at functional.truckcategory.truckCategory.<init>(truckCategory.java:20)
at functional.truckcategory.truckCategory.<init>(truckCategory.java:20)
at functional.truckcategory.truckCategory.<init>(truckCategory.java:20)
at functional.truckcategory.truckCategory.<init>(truckCategory.java:20)
at functional.truckcategory.truckCategory.<init>(truckCategory.java:20)
at functional.truckcategory.truckCategory.<init>(truckCategory.java:20)
at functional.truckcategory.truckCategory.<init>(truckCategory.java:20)
at functional.truckcategory.truckCategory.<init>(truckCategory.java:20)
at functional.truckcategory.truckCategory.<init>(truckCategory.java:20)
at functional.truckcategory.truckCategory.<init>(truckCategory.java:20)
at functional.truckcategory.truckCategory.<init>(truckCategory.java:20)
at functional.truckcategory.truckCategory.<init>(truckCategory.java:20)
at functional.truckcategory.truckCategory.<init>(truckCategory.java:20)
at functional.truckcategory.truckCategory.<init>(truckCategory.java:20)
at functional.truckcategory.truckCategory.<init>(truckCategory.java:20)
at functional.truckcategory.truckCategory.<init>(truckCategory.java:20)
at functional.truckcategory.truckCategory.<init>(truckCategory.java:20)
at functional.truckcategory.truckCategory.<init>(truckCategory.java:20)
at functional.truckcategory.truckCategory.<init>(truckCategory.java:20)
at functional.truckcategory.truckCategory.<init>(truckCategory.java:20)
at functional.truckcategory.truckCategory.<init>(truckCategory.java:20)
at functional.truckcategory.truckCategory.<init>(truckCategory.java:20)
at functional.truckcategory.truckCategory.<init>(truckCategory.java:20)
at functional.truckcategory.truckCategory.<init>(truckCategory.java:20)
at functional.truckcategory.truckCategory.<init>(truckCategory.java:20)
at functional.truckcategory.truckCategory.<init>(truckCategory.java:20)
at functional.truckcategory.truckCategory.<init>(truckCategory.java:20)
at functional.truckcategory.truckCategory.<init>(truckCategory.java:20)
at functional.truckcategory.truckCategory.<init>(truckCategory.java:20)
at functional.truckcategory.truckCategory.<init>(truckCategory.java:20)
at functional.truckcategory.truckCategory.<init>(truckCategory.java:20)
at functional.truckcategory.truckCategory.<init>(truckCategory.java:20)
at functional.truckcategory.truckCategory.<init>(truckCategory.java:20)
at functional.truckcategory.truckCategory.<init>(truckCategory.java:20)
at functional.truckcategory.truckCategory.<init>(truckCategory.java:20)
at functional.truckcategory.truckCategory.<init>(truckCategory.java:20)
at functional.truckcategory.truckCategory.<init>(truckCategory.java:20)
at functional.truckcategory.truckCategory.<init>(truckCategory.java:20)
at functional.truckcategory.truckCategory.<init>(truckCategory.java:20)
at functional.truckcategory.truckCategory.<init>(truckCategory.java:20)
at functional.truckcategory.truckCategory.<init>(truckCategory.java:20)
at functional.truckcategory.truckCategory.<init>(truckCategory.java:20)
at functional.truckcategory.truckCategory.<init>(truckCategory.java:20)
at functional.truckcategory.truckCategory.<init>(truckCategory.java:20)
at functional.truckcategory.truckCategory.<init>(truckCategory.java:20)
at functional.truckcategory.truckCategory.<init>(truckCategory.java:20)
at functional.truckcategory.truckCategory.<init>(truckCategory.java:20)
at functional.truckcategory.truckCategory.<init>(truckCategory.java:20)
at functional.truckcategory.truckCategory.<init>(truckCategory.java:20)
at functional.truckcategory.truckCategory.<init>(truckCategory.java:20)
at functional.truckcategory.truckCategory.<init>(truckCategory.java:20)
at functional.truckcategory.truckCategory.<init>(truckCategory.java:20)
at functional.truckcategory.truckCategory.<init>(truckCategory.java:20)
at functional.truckcategory.truckCategory.<init>(truckCategory.java:20)
at functional.truckcategory.truckCategory.<init>(truckCategory.java:20)
at functional.truckcategory.truckCategory.<init>(truckCategory.java:20)
at functional.truckcategory.truckCategory.<init>(truckCategory.java:20)
at functional.truckcategory.truckCategory.<init>(truckCategory.java:20)
at functional.truckcategory.truckCategory.<init>(truckCategory.java:20)
at functional.truckcategory.truckCategory.<init>(truckCategory.java:20)
at functional.truckcategory.truckCategory.<init>(truckCategory.java:20)
at functional.truckcategory.truckCategory.<init>(truckCategory.java:20)
at functional.truckcategory.truckCategory.<init>(truckCategory.java:20)
at functional.truckcategory.truckCategory.<init>(truckCategory.java:20)
at functional.truckcategory.truckCategory.<init>(truckCategory.java:20)
at functional.truckcategory.truckCategory.<init>(truckCategory.java:20)
at functional.truckcategory.truckCategory.<init>(truckCategory.java:20)
at functional.truckcategory.truckCategory.<init>(truckCategory.java:20)
at functional.truckcategory.truckCategory.<init>(truckCategory.java:20)
at functional.truckcategory.truckCategory.<init>(truckCategory.java:20)
at functional.truckcategory.truckCategory.<init>(truckCategory.java:20)
at functional.truckcategory.truckCategory.<init>(truckCategory.java:20)
at functional.truckcategory.truckCategory.<init>(truckCategory.java:20)
at functional.truckcategory.truckCategory.<init>(truckCategory.java:20)
at functional.truckcategory.truckCategory.<init>(truckCategory.java:20)
at functional.truckcategory.truckCategory.<init>(truckCategory.java:20)
at functional.truckcategory.truckCategory.<init>(truckCategory.java:20)
at functional.truckcategory.truckCategory.<init>(truckCategory.java:20)
at functional.truckcategory.truckCategory.<init>(truckCategory.java:20)
at functional.truckcategory.truckCategory.<init>(truckCategory.java:20)
at functional.truckcategory.truckCategory.<init>(truckCategory.java:20)
at functional.truckcategory.truckCategory.<init>(truckCategory.java:20)
at functional.truckcategory.truckCategory.<init>(truckCategory.java:20)
at functional.truckcategory.truckCategory.<init>(truckCategory.java:20)
at functional.truckcategory.truckCategory.<init>(truckCategory.java:20)
at functional.truckcategory.truckCategory.<init>(truckCategory.java:20)
at functional.truckcategory.truckCategory.<init>(truckCategory.java:20)
at functional.truckcategory.truckCategory.<init>(truckCategory.java:20)
at functional.truckcategory.truckCategory.<init>(truckCategory.java:20)
at functional.truckcategory.truckCategory.<init>(truckCategory.java:20)
at functional.truckcategory.truckCategory.<init>(truckCategory.java:20)
at functional.truckcategory.truckCategory.<init>(truckCategory.java:20)
at functional.truckcategory.truckCategory.<init>(truckCategory.java:20)
at functional.truckcategory.truckCategory.<init>(truckCategory.java:20)
at functional.truckcategory.truckCategory.<init>(truckCategory.java:20)
at functional.truckcategory.truckCategory.<init>(truckCategory.java:20)
at functional.truckcategory.truckCategory.<init>(truckCategory.java:20)
at functional.truckcategory.truckCategory.<init>(truckCategory.java:20)
at functional.truckcategory.truckCategory.<init>(truckCategory.java:20)
at functional.truckcategory.truckCategory.<init>(truckCategory.java:20)
at functional.truckcategory.truckCategory.<init>(truckCategory.java:20)
at functional.truckcategory.truckCategory.<init>(truckCategory.java:20)
at functional.truckcategory.truckCategory.<init>(truckCategory.java:20)
at functional.truckcategory.truckCategory.<init>(truckCategory.java:20)
at functional.truckcategory.truckCategory.<init>(truckCategory.java:20)
at functional.truckcategory.truckCategory.<init>(truckCategory.java:20)
at functional.truckcategory.truckCategory.<init>(truckCategory.java:20)
at functional.truckcategory.truckCategory.<init>(truckCategory.java:20)
at functional.truckcategory.truckCategory.<init>(truckCategory.java:20)
at functional.truckcategory.truckCategory.<init>(truckCategory.java:20)
at functional.truckcategory.truckCategory.<init>(truckCategory.java:20)
at functional.truckcategory.truckCategory.<init>(truckCategory.java:20)
at functional.truckcategory.truckCategory.<init>(truckCategory.java:20)
at functional.truckcategory.truckCategory.<init>(truckCategory.java:20)
at functional.truckcategory.truckCategory.<init>(truckCategory.java:20)
at functional.truckcategory.truckCategory.<init>(truckCategory.java:20)
at functional.truckcategory.truckCategory.<init>(truckCategory.java:20)
at functional.truckcategory.truckCategory.<init>(truckCategory.java:20)
at functional.truckcategory.truckCategory.<init>(truckCategory.java:20)
at functional.truckcategory.truckCategory.<init>(truckCategory.java:20)
at functional.truckcategory.truckCategory.<init>(truckCategory.java:20)
at functional.truckcategory.truckCategory.<init>(truckCategory.java:20)
at functional.truckcategory.truckCategory.<init>(truckCategory.java:20)
at functional.truckcategory.truckCategory.<init>(truckCategory.java:20)
at functional.truckcategory.truckCategory.<init>(truckCategory.java:20)
at functional.truckcategory.truckCategory.<init>(truckCategory.java:20)
at functional.truckcategory.truckCategory.<init>(truckCategory.java:20)
at functional.truckcategory.truckCategory.<init>(truckCategory.java:20)
at functional.truckcategory.truckCategory.<init>(truckCategory.java:20)
at functional.truckcategory.truckCategory.<init>(truckCategory.java:20)
at functional.truckcategory.truckCategory.<init>(truckCategory.java:20)
at functional.truckcategory.truckCategory.<init>(truckCategory.java:20)
at functional.truckcategory.truckCategory.<init>(truckCategory.java:20)
at functional.truckcategory.truckCategory.<init>(truckCategory.java:20)
at functional.truckcategory.truckCategory.<init>(truckCategory.java:20)
at functional.truckcategory.truckCategory.<init>(truckCategory.java:20)
at functional.truckcategory.truckCategory.<init>(truckCategory.java:20)
at functional.truckcategory.truckCategory.<init>(truckCategory.java:20)
at functional.truckcategory.truckCategory.<init>(truckCategory.java:20)
at functional.truckcategory.truckCategory.<init>(truckCategory.java:20)
at functional.truckcategory.truckCategory.<init>(truckCategory.java:20)
at functional.truckcategory.truckCategory.<init>(truckCategory.java:20)
at functional.truckcategory.truckCategory.<init>(truckCategory.java:20)
at functional.truckcategory.truckCategory.<init>(truckCategory.java:20)
at functional.truckcategory.truckCategory.<init>(truckCategory.java:20)
at functional.truckcategory.truckCategory.<init>(truckCategory.java:20)
at functional.truckcategory.truckCategory.<init>(truckCategory.java:20)
at functional.truckcategory.truckCategory.<init>(truckCategory.java:20)
at functional.truckcategory.truckCategory.<init>(truckCategory.java:20)
at functional.truckcategory.truckCategory.<init>(truckCategory.java:20)
at functional.truckcategory.truckCategory.<init>(truckCategory.java:20)
at functional.truckcategory.truckCategory.<init>(truckCategory.java:20)
at functional.truckcategory.truckCategory.<init>(truckCategory.java:20)
at functional.truckcategory.truckCategory.<init>(truckCategory.java:20)
at functional.truckcategory.truckCategory.<init>(truckCategory.java:20)
at functional.truckcategory.truckCategory.<init>(truckCategory.java:20)
at functional.truckcategory.truckCategory.<init>(truckCategory.java:20)
at functional.truckcategory.truckCategory.<init>(truckCategory.java:20)
at functional.truckcategory.truckCategory.<init>(truckCategory.java:20)
at functional.truckcategory.truckCategory.<init>(truckCategory.java:20)
at functional.truckcategory.truckCategory.<init>(truckCategory.java:20)
at functional.truckcategory.truckCategory.<init>(truckCategory.java:20)
at functional.truckcategory.truckCategory.<init>(truckCategory.java:20)
at functional.truckcategory.truckCategory.<init>(truckCategory.java:20)
at functional.truckcategory.truckCategory.<init>(truckCategory.java:20)
at functional.truckcategory.truckCategory.<init>(truckCategory.java:20)
at functional.truckcategory.truckCategory.<init>(truckCategory.java:20)
at functional.truckcategory.truckCategory.<init>(truckCategory.java:20)
at functional.truckcategory.truckCategory.<init>(truckCategory.java:20)
at functional.truckcategory.truckCategory.<init>(truckCategory.java:20)
at functional.truckcategory.truckCategory.<init>(truckCategory.java:20)
at functional.truckcategory.truckCategory.<init>(truckCategory.java:20)
at functional.truckcategory.truckCategory.<init>(truckCategory.java:20)
at functional.truckcategory.truckCategory.<init>(truckCategory.java:20)
at functional.truckcategory.truckCategory.<init>(truckCategory.java:20)
at functional.truckcategory.truckCategory.<init>(truckCategory.java:20)
at functional.truckcategory.truckCategory.<init>(truckCategory.java:20)
at functional.truckcategory.truckCategory.<init>(truckCategory.java:20)
at functional.truckcategory.truckCategory.<init>(truckCategory.java:20)
at functional.truckcategory.truckCategory.<init>(truckCategory.java:20)
at functional.truckcategory.truckCategory.<init>(truckCategory.java:20)
at functional.truckcategory.truckCategory.<init>(truckCategory.java:20)
at functional.truckcategory.truckCategory.<init>(truckCategory.java:20)
at functional.truckcategory.truckCategory.<init>(truckCategory.java:20)
at functional.truckcategory.truckCategory.<init>(truckCategory.java:20)
at functional.truckcategory.truckCategory.<init>(truckCategory.java:20)
at functional.truckcategory.truckCategory.<init>(truckCategory.java:20)
at functional.truckcategory.truckCategory.<init>(truckCategory.java:20)
at functional.truckcategory.truckCategory.<init>(truckCategory.java:20)
at functional.truckcategory.truckCategory.<init>(truckCategory.java:20)
at functional.truckcategory.truckCategory.<init>(truckCategory.java:20)
at functional.truckcategory.truckCategory.<init>(truckCategory.java:20)
at functional.truckcategory.truckCategory.<init>(truckCategory.java:20)
at functional.truckcategory.truckCategory.<init>(truckCategory.java:20)
at functional.truckcategory.truckCategory.<init>(truckCategory.java:20)
at functional.truckcategory.truckCategory.<init>(truckCategory.java:20)
at functional.truckcategory.truckCategory.<init>(truckCategory.java:20)
at functional.truckcategory.truckCategory.<init>(truckCategory.java:20)
at functional.truckcategory.truckCategory.<init>(truckCategory.java:20)
at functional.truckcategory.truckCategory.<init>(truckCategory.java:20)
at functional.truckcategory.truckCategory.<init>(truckCategory.java:20)
at functional.truckcategory.truckCategory.<init>(truckCategory.java:20)
at functional.truckcategory.truckCategory.<init>(truckCategory.java:20)
at functional.truckcategory.truckCategory.<init>(truckCategory.java:20)
at functional.truckcategory.truckCategory.<init>(truckCategory.java:20)
at functional.truckcategory.truckCategory.<init>(truckCategory.java:20)
at functional.truckcategory.truckCategory.<init>(truckCategory.java:20)
at functional.truckcategory.truckCategory.<init>(truckCategory.java:20)
at functional.truckcategory.truckCategory.<init>(truckCategory.java:20)
at functional.truckcategory.truckCategory.<init>(truckCategory.java:20)
at functional.truckcategory.truckCategory.<init>(truckCategory.java:20)
at functional.truckcategory.truckCategory.<init>(truckCategory.java:20)
at functional.truckcategory.truckCategory.<init>(truckCategory.java:20)
at functional.truckcategory.truckCategory.<init>(truckCategory.java:20)
at functional.truckcategory.truckCategory.<init>(truckCategory.java:20)
at functional.truckcategory.truckCategory.<init>(truckCategory.java:20)
at functional.truckcategory.truckCategory.<init>(truckCategory.java:20)
at functional.truckcategory.truckCategory.<init>(truckCategory.java:20)
at functional.truckcategory.truckCategory.<init>(truckCategory.java:20)
at functional.truckcategory.truckCategory.<init>(truckCategory.java:20)
at functional.truckcategory.truckCategory.<init>(truckCategory.java:20)
at functional.truckcategory.truckCategory.<init>(truckCategory.java:20)
at functional.truckcategory.truckCategory.<init>(truckCategory.java:20)
at functional.truckcategory.truckCategory.<init>(truckCategory.java:20)
at functional.truckcategory.truckCategory.<init>(truckCategory.java:20)
at functional.truckcategory.truckCategory.<init>(truckCategory.java:20)
at functional.truckcategory.truckCategory.<init>(truckCategory.java:20)
at functional.truckcategory.truckCategory.<init>(truckCategory.java:20)
at functional.truckcategory.truckCategory.<init>(truckCategory.java:20)
at functional.truckcategory.truckCategory.<init>(truckCategory.java:20)
at functional.truckcategory.truckCategory.<init>(truckCategory.java:20)
at functional.truckcategory.truckCategory.<init>(truckCategory.java:20)
at functional.truckcategory.truckCategory.<init>(truckCategory.java:20)
at functional.truckcategory.truckCategory.<init>(truckCategory.java:20)
at functional.truckcategory.truckCategory.<init>(truckCategory.java:20)
at functional.truckcategory.truckCategory.<init>(truckCategory.java:20)
at functional.truckcategory.truckCategory.<init>(truckCategory.java:20)
at functional.truckcategory.truckCategory.<init>(truckCategory.java:20)
at functional.truckcategory.truckCategory.<init>(truckCategory.java:20)
at functional.truckcategory.truckCategory.<init>(truckCategory.java:20)
at functional.truckcategory.truckCategory.<init>(truckCategory.java:20)
at functional.truckcategory.truckCategory.<init>(truckCategory.java:20)
at functional.truckcategory.truckCategory.<init>(truckCategory.java:20)
at functional.truckcategory.truckCategory.<init>(truckCategory.java:20)
at functional.truckcategory.truckCategory.<init>(truckCategory.java:20)
at functional.truckcategory.truckCategory.<init>(truckCategory.java:20)
at functional.truckcategory.truckCategory.<init>(truckCategory.java:20)
at functional.truckcategory.truckCategory.<init>(truckCategory.java:20)
at functional.truckcategory.truckCategory.<init>(truckCategory.java:20)
at functional.truckcategory.truckCategory.<init>(truckCategory.java:20)
at functional.truckcategory.truckCategory.<init>(truckCategory.java:20)
at functional.truckcategory.truckCategory.<init>(truckCategory.java:20)
at functional.truckcategory.truckCategory.<init>(truckCategory.java:20)
]]>
    </error>
  </testcase> <!-- addTruckCategory -->
</testsuite> <!-- functional.truckcategory.scripts.TruckCategory001_AddTruckCategory -->
